<?xml version="1.0" encoding="utf-8"?><testsuites name="pytest tests"><testsuite name="pytest" errors="0" failures="0" skipped="0" tests="80" time="19.955" timestamp="2026-09-08T11:15:21.366294+08:00" hostname="DESKTOP-54AS6FJ"><testcase classname="tests.test_spec_a01_a12" name="test_a01_empty_database_honest_missing" time="0.252" /><testcase classname="tests.test_spec_a01_a12" name="test_a02_negation_and_fake_agency_attribution" time="0.000" /><testcase classname="tests.test_spec_a01_a12" name="test_a03_news_point_in_time_and_decision_isolation" time="0.254" /><testcase classname="tests.test_spec_a01_a12" name="test_a04_stale_data_and_contract_validation" time="0.001" /><testcase classname="tests.test_spec_a01_a12" name="test_a05_all_six_strategies_matrix" time="0.001" /><testcase classname="tests.test_spec_a01_a12" name="test_a06_model_missing_fails_closed" time="0.256" /><testcase classname="tests.test_spec_a01_a12" name="test_a07_prompt_injection_safety" time="0.000" /><testcase classname="tests.test_spec_a01_a12" name="test_a08_paused_halts_new_proposals_while_protecting_positions" time="0.263" /><testcase classname="tests.test_spec_a01_a12" name="test_a09_idempotent_positions" time="0.249" /><testcase classname="tests.test_spec_a01_a12" name="test_a10_risk_budget_and_gap_stop" time="0.250" /><testcase classname="tests.test_spec_a01_a12" name="test_a11_instrument_model_composite" time="0.000" /><testcase classname="tests.test_spec_a01_a12" name="test_a12_clean_health_status" time="0.242" /><testcase classname="tests.test_spec_at01_at07" name="test_at01_live_blocked_without_authorization" time="0.364" /><testcase classname="tests.test_spec_at01_at07" name="test_at02_open_unfilled_receipt_is_acknowledged" time="0.253" /><testcase classname="tests.test_spec_at01_at07" name="test_at03_partial_fill_and_deduplication" time="0.299" /><testcase classname="tests.test_spec_at01_at07" name="test_at04_timeout_records_unknown_and_reconciles" time="0.286" /><testcase classname="tests.test_spec_at01_at07" name="test_at05_leverage_and_protection_failure_blocks_risk" time="0.273" /><testcase classname="tests.test_spec_at01_at07" name="test_at06_idempotency_identical_and_conflict" time="0.303" /><testcase classname="tests.test_spec_at01_at07" name="test_at07_credentials_zero_leakage_and_cross_origin_blocked" time="0.310" /><testcase classname="tests.test_spec_at08_at14" name="test_at08_background_runtime_paused_guardian_stops_out" time="0.492" /><testcase classname="tests.test_spec_at08_at14" name="test_at09_stale_generation_or_terminated_session_rejects_proposal" time="0.276" /><testcase classname="tests.test_spec_at08_at14" name="test_at10_subscription_removed_guardian_active_and_runtime_lease_blocks" time="0.408" /><testcase classname="tests.test_spec_at08_at14" name="test_at11_unified_ledger_snapshot_consistency" time="0.324" /><testcase classname="tests.test_spec_at08_at14" name="test_at12_atomic_risk_reservation_and_daily_loss_persistence" time="0.292" /><testcase classname="tests.test_spec_at08_at14" name="test_at13_sub_cent_and_small_tick_precision_handling" time="0.281" /><testcase classname="tests.test_spec_at08_at14" name="test_at14_simulated_execution_timeline_and_deviation_guard" time="0.275" /><testcase classname="tests.test_spec_at15_at23" name="test_at15_six_strategies_positive_negative_and_warmup" time="0.002" /><testcase classname="tests.test_spec_at15_at23" name="test_at16_lookahead_prevention_across_sessions" time="0.001" /><testcase classname="tests.test_spec_at15_at23" name="test_at17_s6_missing_oi_and_funding_unsupported_no_zero_mocking" time="0.001" /><testcase classname="tests.test_spec_at15_at23" name="test_at18_url_spoofing_and_negation_macro_policy" time="0.001" /><testcase classname="tests.test_spec_at15_at23" name="test_at19_news_revisions_immutability_and_replay" time="0.315" /><testcase classname="tests.test_spec_at15_at23" name="test_at20_model_fail_closed_offline_and_prompt_injection" time="0.290" /><testcase classname="tests.test_spec_at15_at23" name="test_at21_stale_or_fake_references_rejection" time="0.288" /><testcase classname="tests.test_spec_at15_at23" name="test_at22_market_boundaries_equity_and_spot_shorting" time="0.301" /><testcase classname="tests.test_spec_at15_at23" name="test_at23_decision_replay_readonly_and_feedback_risk_recheck" time="0.334" /><testcase classname="tests.test_spec_at24_at30" name="test_at24_partial_tp_aggregated_into_single_closed_trade" time="0.001" /><testcase classname="tests.test_spec_at24_at30" name="test_at25_counterfactual_comparison_with_opportunity_cost" time="0.000" /><testcase classname="tests.test_spec_at24_at30" name="test_at26_data_migration_idempotency_and_unverified_flagging" time="0.043" /><testcase classname="tests.test_spec_at24_at30" name="test_at27_diagnostic_bundle_zero_secret_leakage" time="0.061" /><testcase classname="tests.test_spec_at24_at30" name="test_at28_sidecar_process_manager_strict_pid_isolation" time="0.107" /><testcase classname="tests.test_spec_at24_at30" name="test_at29_stress_runner_invariants_hold" time="0.177" /><testcase classname="tests.test_spec_at24_at30" name="test_at30_manifest_evidence_completeness" time="0.007" /><testcase classname="tests.test_spec_at31_at35" name="test_at31_ai_led_independent_proposal_no_s1_s6_trigger" time="0.307" /><testcase classname="tests.test_spec_at31_at35" name="test_at32_autonomous_continuous_execution_paper_mode" time="0.407" /><testcase classname="tests.test_spec_at31_at35" name="test_at33_hard_risk_rejection_over_budget_and_unauthorized" time="0.284" /><testcase classname="tests.test_spec_at31_at35" name="test_at34_guardian_stop_priority_and_anti_competition" time="0.342" /><testcase classname="tests.test_spec_at31_at35" name="test_at35_inference_timeout_and_stale_actions_discard" time="0.294" /><testcase classname="tests.test_spec_at36_at40" name="test_at36_authorization_expiry_and_scope_blocking" time="1.202" /><testcase classname="tests.test_spec_at36_at40" name="test_at37_revocation_preserves_stops_and_reconciles_in_flight" time="0.001" /><testcase classname="tests.test_spec_at36_at40" name="test_at38_environment_account_mismatch_rejected_before_submission" time="0.001" /><testcase classname="tests.test_spec_at36_at40" name="test_at39_testnet_capabilities_and_funding_fee_reconciliation" time="0.000" /><testcase classname="tests.test_spec_at36_at40" name="test_at40_rejection_of_ai_self_authorization" time="0.000" /><testcase classname="tests.test_spec_rt01_rt16" name="test_rt01_tp1_then_stop_loss_unique_exit" time="0.306" /><testcase classname="tests.test_spec_rt01_rt16" name="test_rt02_tp1_then_tp2_manual_reduce_and_restart" time="0.300" /><testcase classname="tests.test_spec_rt01_rt16" name="test_rt03_runtime_pause_guardian_triggers_via_runtime" time="1.171" /><testcase classname="tests.test_spec_rt01_rt16" name="test_rt04_remove_subscription_preserves_protection_stream" time="1.213" /><testcase classname="tests.test_spec_rt01_rt16" name="test_rt05_stale_market_data_degrades_and_blocks_opening" time="0.337" /><testcase classname="tests.test_spec_rt01_rt16" name="test_rt06_concurrent_ai_and_guardian_exits_no_oversell" time="0.301" /><testcase classname="tests.test_spec_rt01_rt16" name="test_rt07_accounting_exact_gross_fees_and_net_equity" time="0.280" /><testcase classname="tests.test_spec_rt01_rt16" name="test_rt08_idempotent_fills_and_restart_reconciliation" time="0.276" /><testcase classname="tests.test_spec_rt01_rt16" name="test_rt09_paper_missing_price_rejected_per_symbol_data" time="0.293" /><testcase classname="tests.test_spec_rt01_rt16" name="test_rt10_testnet_without_adapter_fails_explicitly" time="0.290" /><testcase classname="tests.test_spec_rt01_rt16" name="test_rt11_adapter_contract_and_timeout_returns_unknown" time="0.301" /><testcase classname="tests.test_spec_rt01_rt16" name="test_rt12_failed_protection_order_blocks_risk_pending_status" time="0.000" /><testcase classname="tests.test_spec_rt01_rt16" name="test_rt13_unified_risk_checks_across_api_ai_and_strategies" time="0.279" /><testcase classname="tests.test_spec_rt01_rt16" name="test_rt14_concurrent_risk_reservation_and_unknown_orders_hold_budget" time="0.277" /><testcase classname="tests.test_spec_rt01_rt16" name="test_rt15_revocation_and_mismatch_blocks_openings_allows_protective_reductions" time="0.300" /><testcase classname="tests.test_spec_rt01_rt16" name="test_rt16_sub_cent_and_step_size_no_risk_expansion[10.0-100.0-0.001-0.001-0.1-False]" time="0.001" /><testcase classname="tests.test_spec_rt01_rt16" name="test_rt16_sub_cent_and_step_size_no_risk_expansion[0.005-100.0-0.001-0.001-0.0-True]" time="0.001" /><testcase classname="tests.test_spec_rt01_rt16" name="test_rt16_sub_cent_and_step_size_no_risk_expansion[15.75-50.0-0.01-0.01-0.31-False]" time="0.001" /><testcase classname="tests.test_spec_rt17_rt26" name="test_rt17_qwen_cycle_trace_latency_prompt_output" time="0.289" /><testcase classname="tests.test_spec_rt17_rt26" name="test_rt18_ai_led_independent_paper_order_no_rule_signals" time="0.322" /><testcase classname="tests.test_spec_rt17_rt26" name="test_rt19_model_timeout_and_expired_action_discarded" time="0.285" /><testcase classname="tests.test_spec_rt17_rt26" name="test_rt20_ai_position_management_close_and_stop_tightening" time="0.364" /><testcase classname="tests.test_spec_rt17_rt26" name="test_rt21_dual_instance_runtime_lease_contention" time="0.273" /><testcase classname="tests.test_spec_rt17_rt26" name="test_rt22_not_run_initial_state_and_no_fake_cycles" time="0.304" /><testcase classname="tests.test_spec_rt17_rt26" name="test_rt23_testnet_capabilities_dynamic_probing_and_auth_boundary" time="0.000" /><testcase classname="tests.test_spec_rt17_rt26" name="test_rt24_manifest_junit_driven_transitions" time="0.262" /><testcase classname="tests.test_spec_rt17_rt26" name="test_rt25_clean_migration_and_credential_sanitization" time="0.019" /><testcase classname="tests.test_spec_rt17_rt26" name="test_rt26_full_regression_six_strategies_news_and_research_immutability" time="0.296" /></testsuite></testsuites>